<?xml version="1.0" encoding="UTF-8"?>
<testng-results ignored="0" total="1" passed="1" failed="0" skipped="0">
  <reporter-output>
  </reporter-output>
  <suite started-at="2021-08-12T01:23:04 IST" name="Default suite" finished-at="2021-08-12T01:23:21 IST" duration-ms="17555">
    <groups>
    </groups>
    <test started-at="2021-08-12T01:23:04 IST" name="Default test" finished-at="2021-08-12T01:23:21 IST" duration-ms="17555">
      <class name="task1Amazon.AmazonTestClass">
        <test-method is-config="true" signature="OpenBrowser()[pri:0, instance:task1Amazon.AmazonTestClass@3e2e18f2]" started-at="2021-08-12T01:23:04 IST" name="OpenBrowser" finished-at="2021-08-12T01:23:10 IST" duration-ms="5760" status="PASS">
          <reporter-output>
          </reporter-output>
        </test-method> <!-- OpenBrowser -->
        <test-method signature="clickAllbutton()[pri:0, instance:task1Amazon.AmazonTestClass@3e2e18f2]" started-at="2021-08-12T01:23:10 IST" name="clickAllbutton" finished-at="2021-08-12T01:23:21 IST" duration-ms="11713" status="PASS">
          <reporter-output>
          </reporter-output>
        </test-method> <!-- clickAllbutton -->
      </class> <!-- task1Amazon.AmazonTestClass -->
    </test> <!-- Default test -->
  </suite> <!-- Default suite -->
</testng-results>
